[+] Containers:
 |- [+] Container: /Game/FirstPerson/Maps/FirstPersonMap1
 |   |- [+] ActorDescs:
 |   |   |- Guid:089D51324AD92B63EE3D4B9817FD43C7 BaseClass:/Game/LevelPrototyping/Meshes/wall.wall_C NativeClass:/Script/Engine.Actor Name:wall_C_UAID_84A938E2AACA113602_1975298519 Label:wall7 SpatiallyLoaded:1 Bounds:IsValid=true, Min=(X=490.000 Y=9890.000 Z=522.500), Max=(X=4390.000 Y=9990.000 Z=1097.500) RuntimeGrid:None EditorOnly:0 RuntimeOnly:0 HLODRelevant:0 ListedInSceneOutliner:1 IsMainWorldOnly:0
 |   |   |- Guid:0C80194140A9B763F9426D967B1C097C BaseClass: NativeClass:/Script/Engine.SkyAtmosphere Name:SkyAtmosphere_0 Label:SkyAtmosphere SpatiallyLoaded:0 Bounds:IsValid=true, Min=(X=0.000 Y=0.000 Z=1020.000), Max=(X=0.000 Y=0.000 Z=1020.000) RuntimeGrid:None EditorOnly:0 RuntimeOnly:0 HLODRelevant:0 ListedInSceneOutliner:1 IsMainWorldOnly:0 FolderPath:Lighting FolderGuid:0BA5F0A04EADB18E70D5B180D08FA34B
 |   |   |- Guid:0DE3901440ADBE739D03EC8B3FD5E07D BaseClass:/Game/LevelPrototyping/Meshes/wall.wall_C NativeClass:/Script/Engine.Actor Name:wall_C_UAID_84A938E2AACA503602_1872973600 Label:wall14 SpatiallyLoaded:1 Bounds:IsValid=true, Min=(X=530.000 Y=4930.000 Z=-67.500), Max=(X=2230.000 Y=5030.000 Z=507.500) RuntimeGrid:None EditorOnly:0 RuntimeOnly:0 HLODRelevant:0 ListedInSceneOutliner:1 IsMainWorldOnly:0
 |   |   |- Guid:185DDB054CAFB9EB17C3F7A9267CEFEA BaseClass:/Game/LevelPrototyping/Meshes/floor.floor_C NativeClass:/Script/Engine.Actor Name:floor_C_UAID_84A938E2AACA123602_1255955702 Label:floor2 SpatiallyLoaded:1 Bounds:IsValid=true, Min=(X=210.000 Y=4910.000 Z=1080.000), Max=(X=4635.000 Y=10035.000 Z=1105.000) RuntimeGrid:None EditorOnly:0 RuntimeOnly:0 HLODRelevant:0 ListedInSceneOutliner:1 IsMainWorldOnly:0
 |   |   |- Guid:1E453EE2430CB6DA95A913B8EF5B2A51 BaseClass: NativeClass:/Script/Engine.StaticMeshActor Name:StaticMeshActor_0 Label:SM_Cube SpatiallyLoaded:1 Bounds:IsValid=true, Min=(X=0.000 Y=0.000 Z=-50.000), Max=(X=4775.000 Y=10600.000 Z=0.000) RuntimeGrid:None EditorOnly:0 RuntimeOnly:0 HLODRelevant:1 ListedInSceneOutliner:1 IsMainWorldOnly:0 FolderPath:Playground FolderGuid:6C02BB504B69D1F3D7A624B130C18E5B
 |   |   |- Guid:2370912E44EEEEB9451CD29A86ADC60E BaseClass:/Game/LevelPrototyping/Meshes/wall.wall_C NativeClass:/Script/Engine.Actor Name:wall_C_UAID_84A938E2AACA113602_1234329515 Label:wall5 SpatiallyLoaded:1 Bounds:IsValid=true, Min=(X=4260.000 Y=4925.000 Z=-67.500), Max=(X=4360.000 Y=9975.000 Z=507.500) RuntimeGrid:None EditorOnly:0 RuntimeOnly:0 HLODRelevant:0 ListedInSceneOutliner:1 IsMainWorldOnly:0
 |   |   |- Guid:24DA598B444B0080842892A97B75E84E BaseClass:/Game/LevelPrototyping/Meshes/pillers.pillers_C NativeClass:/Script/Engine.Actor Name:pillers_C_UAID_84A938E2AACA123602_1980390716 Label:pillers8 SpatiallyLoaded:1 Bounds:IsValid=true, Min=(X=2110.000 Y=4390.000 Z=517.500), Max=(X=2210.000 Y=4490.000 Z=1042.500) RuntimeGrid:None EditorOnly:0 RuntimeOnly:0 HLODRelevant:0 ListedInSceneOutliner:1 IsMainWorldOnly:0
 |   |   |- Guid:25A537614D559A0DD1E38096E74A4233 BaseClass: NativeClass:/Script/Engine.SkyLight Name:SkyLight_0 Label:SkyLight SpatiallyLoaded:0 Bounds:IsValid=true, Min=(X=0.000 Y=0.000 Z=690.000), Max=(X=0.000 Y=0.000 Z=690.000) RuntimeGrid:None EditorOnly:0 RuntimeOnly:0 HLODRelevant:0 ListedInSceneOutliner:1 IsMainWorldOnly:0 FolderPath:Lighting FolderGuid:0BA5F0A04EADB18E70D5B180D08FA34B
 |   |   |- Guid:264CFA0D431AF8EC7AB24B828D8B7084 BaseClass: NativeClass:/Script/Engine.DirectionalLight Name:DirectionalLight_1 Label:DirectionalLight SpatiallyLoaded:0 Bounds:Invalid RuntimeGrid:None EditorOnly:0 RuntimeOnly:0 HLODRelevant:0 ListedInSceneOutliner:1 IsMainWorldOnly:0 FolderPath:Lighting FolderGuid:0BA5F0A04EADB18E70D5B180D08FA34B
 |   |   |- Guid:26C4707B409C28D1E9B15B9A39EAFDED BaseClass: NativeClass:/Script/Engine.VolumetricCloud Name:VolumetricCloud_0 Label:VolumetricCloud SpatiallyLoaded:0 Bounds:IsValid=true, Min=(X=0.000 Y=0.000 Z=820.000), Max=(X=0.000 Y=0.000 Z=820.000) RuntimeGrid:None EditorOnly:0 RuntimeOnly:0 HLODRelevant:0 ListedInSceneOutliner:1 IsMainWorldOnly:0 FolderPath:Lighting FolderGuid:0BA5F0A04EADB18E70D5B180D08FA34B
 |   |   |- Guid:2BCC086B4EF0A78BE5E179A81329A9D2 BaseClass:/Game/LevelPrototyping/Meshes/wall.wall_C NativeClass:/Script/Engine.Actor Name:wall_C_UAID_84A938E2AACA113602_1142556514 Label:wall4 SpatiallyLoaded:1 Bounds:IsValid=true, Min=(X=440.000 Y=4925.000 Z=-67.500), Max=(X=540.000 Y=9975.000 Z=507.500) RuntimeGrid:None EditorOnly:0 RuntimeOnly:0 HLODRelevant:0 ListedInSceneOutliner:1 IsMainWorldOnly:0
 |   |   |- Guid:2F85095D4D1BFFE311E4538319EA04DC BaseClass: NativeClass:/Script/Engine.PlayerStart Name:PlayerStart_0 Label:PlayerStart SpatiallyLoaded:0 Bounds:IsValid=true, Min=(X=860.000 Y=810.000 Z=0.013), Max=(X=940.000 Y=890.000 Z=184.013) RuntimeGrid:None EditorOnly:0 RuntimeOnly:0 HLODRelevant:0 ListedInSceneOutliner:1 IsMainWorldOnly:0
 |   |   |- Guid:3632ED5C4E7C12B842592CB10AB3F7F3 BaseClass:/Game/LevelPrototyping/Meshes/wall.wall_C NativeClass:/Script/Engine.Actor Name:wall_C_UAID_84A938E2AACA113602_1975303521 Label:wall9 SpatiallyLoaded:1 Bounds:IsValid=true, Min=(X=4290.000 Y=4925.000 Z=522.500), Max=(X=4390.000 Y=9975.000 Z=1097.500) RuntimeGrid:None EditorOnly:0 RuntimeOnly:0 HLODRelevant:0 ListedInSceneOutliner:1 IsMainWorldOnly:0
 |   |   |- Guid:46E31E914C274E11731EA0A9DF673752 BaseClass:/Game/LevelPrototyping/Meshes/wall.wall_C NativeClass:/Script/Engine.Actor Name:wall_C_UAID_84A938E2AACA113602_1096978513 Label:wall3 SpatiallyLoaded:1 Bounds:IsValid=true, Min=(X=460.000 Y=9890.000 Z=-67.500), Max=(X=3860.000 Y=9990.000 Z=507.500) RuntimeGrid:None EditorOnly:0 RuntimeOnly:0 HLODRelevant:0 ListedInSceneOutliner:1 IsMainWorldOnly:0
 |   |   |- Guid:4B12419A45A0C0BACB557AA2030BEA18 BaseClass: NativeClass:/Script/Engine.PostProcessVolume Name:PostProcessVolume_UAID_84A938E2AACAF63002_1232508479 Label:PostProcessVolume2 SpatiallyLoaded:0 Bounds:IsValid=true, Min=(X=1660.000 Y=1330.000 Z=-40.000), Max=(X=1860.000 Y=1530.000 Z=160.000) RuntimeGrid:None EditorOnly:0 RuntimeOnly:0 HLODRelevant:0 ListedInSceneOutliner:1 IsMainWorldOnly:0
 |   |   |- Guid:4BA3043E41DBF7D7882956994BB596A0 BaseClass:/Game/LevelPrototyping/Meshes/floor.floor_C NativeClass:/Script/Engine.Actor Name:floor_C_UAID_84A938E2AACA113602_1599632518 Label:floor SpatiallyLoaded:1 Bounds:IsValid=true, Min=(X=460.000 Y=4120.000 Z=500.000), Max=(X=4385.000 Y=10120.000 Z=525.000) RuntimeGrid:None EditorOnly:0 RuntimeOnly:0 HLODRelevant:0 ListedInSceneOutliner:1 IsMainWorldOnly:0
 |   |   |- Guid:5BD917164ACCBE9A2362AD89DC4574AA BaseClass: NativeClass:/Script/Engine.ExponentialHeightFog Name:ExponentialHeightFog_0 Label:ExponentialHeightFog SpatiallyLoaded:0 Bounds:IsValid=true, Min=(X=-5600.000 Y=-50.000 Z=-6850.000), Max=(X=-5600.000 Y=-50.000 Z=-6850.000) RuntimeGrid:None EditorOnly:0 RuntimeOnly:0 HLODRelevant:0 ListedInSceneOutliner:1 IsMainWorldOnly:0 FolderPath:Lighting FolderGuid:0BA5F0A04EADB18E70D5B180D08FA34B
 |   |   |- Guid:5D04C405427DA90E793989ADC1A694C4 BaseClass:/Game/FirstPerson/Blueprints/BP_Pickup_Rifle.BP_Pickup_Rifle_C NativeClass:/Script/Engine.Actor Name:BP_Rifle_C_1 Label:BP_Pickup_Rifle SpatiallyLoaded:1 Bounds:IsValid=true, Min=(X=1378.000 Y=818.000 Z=64.000), Max=(X=1442.000 Y=907.440 Z=128.000) RuntimeGrid:None EditorOnly:0 RuntimeOnly:0 HLODRelevant:0 ListedInSceneOutliner:1 IsMainWorldOnly:0
 |   |   |- Guid:60B015494FF0563C70C9CEADCE638D4C BaseClass:/Game/LevelPrototyping/Meshes/pillers.pillers_C NativeClass:/Script/Engine.Actor Name:pillers_C_UAID_84A938E2AACA123602_2005278718 Label:pillers10 SpatiallyLoaded:1 Bounds:IsValid=true, Min=(X=2110.000 Y=4385.000 Z=980.000), Max=(X=2210.000 Y=4935.000 Z=1080.000) RuntimeGrid:None EditorOnly:0 RuntimeOnly:0 HLODRelevant:0 ListedInSceneOutliner:1 IsMainWorldOnly:0
 |   |   |- Guid:6243044649CDF0EFF548B4BC31BF12D3 BaseClass:/Game/LevelPrototyping/Meshes/pillers.pillers_C NativeClass:/Script/Engine.Actor Name:pillers_C_UAID_84A938E2AACA123602_1842588712 Label:pillers4 SpatiallyLoaded:1 Bounds:IsValid=true, Min=(X=460.000 Y=4390.000 Z=517.500), Max=(X=560.000 Y=4490.000 Z=1042.500) RuntimeGrid:None EditorOnly:0 RuntimeOnly:0 HLODRelevant:0 ListedInSceneOutliner:1 IsMainWorldOnly:0
 |   |   |- Guid:6293BD0F4799A9C324A6CC9070536396 BaseClass:/Game/LevelPrototyping/Meshes/wall.wall_C NativeClass:/Script/Engine.Actor Name:wall_C_UAID_84A938E2AACA123602_1391854704 Label:wall15 SpatiallyLoaded:1 Bounds:IsValid=true, Min=(X=440.000 Y=5795.000 Z=1022.500), Max=(X=540.000 Y=9945.000 Z=1597.500) RuntimeGrid:None EditorOnly:0 RuntimeOnly:0 HLODRelevant:0 ListedInSceneOutliner:1 IsMainWorldOnly:0
 |   |   |- Guid:70454C424A72593F40D346B7213C2A51 BaseClass:/Game/textures/NewBlueprint.NewBlueprint_C NativeClass:/Script/Engine.Actor Name:NewBlueprint_C_UAID_84A938E2AACAA13102_1376012577 Label:NewBlueprint SpatiallyLoaded:1 Bounds:IsValid=true, Min=(X=1030.000 Y=290.000 Z=150.005), Max=(X=1130.000 Y=390.000 Z=250.005) RuntimeGrid:None EditorOnly:0 RuntimeOnly:0 HLODRelevant:0 ListedInSceneOutliner:1 IsMainWorldOnly:0
 |   |   |- Guid:7962598044485FD1CCD9EFB2DD8D020A BaseClass:/Game/LevelPrototyping/Meshes/wall.wall_C NativeClass:/Script/Engine.Actor Name:wall_C_UAID_84A938E2AACA103602_2100395336 Label:wall2 SpatiallyLoaded:1 Bounds:IsValid=true, Min=(X=3670.000 Y=9440.000 Z=-50.000), Max=(X=4770.000 Y=9540.000 Z=50.000) RuntimeGrid:None EditorOnly:0 RuntimeOnly:0 HLODRelevant:0 ListedInSceneOutliner:1 IsMainWorldOnly:0
 |   |   |- Guid:7D8601534F53306BECABCE895A9CF967 BaseClass:/Game/LevelPrototyping/Meshes/pillers.pillers_C NativeClass:/Script/Engine.Actor Name:pillers_C_UAID_84A938E2AACA123602_1886170714 Label:pillers6 SpatiallyLoaded:1 Bounds:IsValid=true, Min=(X=460.000 Y=4385.000 Z=970.000), Max=(X=560.000 Y=4935.000 Z=1070.000) RuntimeGrid:None EditorOnly:0 RuntimeOnly:0 HLODRelevant:0 ListedInSceneOutliner:1 IsMainWorldOnly:0
 |   |   |- Guid:7EC9782D468207DC67772DB9A3D47487 BaseClass: NativeClass:/Script/Engine.WorldDataLayers Name:WorldDataLayers Label:WorldDataLayers SpatiallyLoaded:0 Bounds:Invalid RuntimeGrid:None EditorOnly:0 RuntimeOnly:0 HLODRelevant:0 ListedInSceneOutliner:1 IsMainWorldOnly:1
 |   |   |- Guid:82B119FF4A027541CB0BE986CD34BCF0 BaseClass: NativeClass:/Script/Engine.PostProcessVolume Name:PostProcessVolume_UAID_84A938E2AACAA03102_1288078400 Label:PostProcessVolume3 SpatiallyLoaded:0 Bounds:IsValid=true, Min=(X=1140.000 Y=230.000 Z=10.000), Max=(X=1340.000 Y=430.000 Z=210.000) RuntimeGrid:None EditorOnly:0 RuntimeOnly:0 HLODRelevant:0 ListedInSceneOutliner:1 IsMainWorldOnly:0
 |   |   |- Guid:86B6E7ED425E68283DB24CACF054E008 BaseClass:/Game/LevelPrototyping/Meshes/wall.wall_C NativeClass:/Script/Engine.Actor Name:wall_C_UAID_84A938E2AACA113602_2093692523 Label:wall11 SpatiallyLoaded:1 Bounds:IsValid=true, Min=(X=4290.000 Y=4127.500 Z=520.000), Max=(X=4390.000 Y=4952.500 Z=820.000) RuntimeGrid:None EditorOnly:0 RuntimeOnly:0 HLODRelevant:0 ListedInSceneOutliner:1 IsMainWorldOnly:0
 |   |   |- Guid:87B874404EE1ABDB42864E93FECCD20F BaseClass:/Game/LevelPrototyping/Meshes/pillers.pillers_C NativeClass:/Script/Engine.Actor Name:pillers_C_UAID_84A938E2AACA123602_1886167713 Label:pillers5 SpatiallyLoaded:1 Bounds:IsValid=true, Min=(X=4260.000 Y=4385.000 Z=970.000), Max=(X=4360.000 Y=4935.000 Z=1070.000) RuntimeGrid:None EditorOnly:0 RuntimeOnly:0 HLODRelevant:0 ListedInSceneOutliner:1 IsMainWorldOnly:0
 |   |   |- Guid:97B2EF954C520D3FABAE1F9730B50964 BaseClass:/Game/LevelPrototyping/Meshes/wall.wall_C NativeClass:/Script/Engine.Actor Name:wall_C_UAID_84A938E2AACA113602_1975304522 Label:wall10 SpatiallyLoaded:1 Bounds:IsValid=true, Min=(X=477.500 Y=4940.000 Z=522.500), Max=(X=4402.500 Y=5040.000 Z=1097.500) RuntimeGrid:None EditorOnly:0 RuntimeOnly:0 HLODRelevant:0 ListedInSceneOutliner:1 IsMainWorldOnly:0
 |   |   |- Guid:A716EA6D42C5CD0BC1BBC4AA5B57C5C7 BaseClass:/Game/LevelPrototyping/Meshes/floor.floor_C NativeClass:/Script/Engine.Actor Name:floor_C_UAID_84A938E2AACA123602_1512532708 Label:floor3 SpatiallyLoaded:1 Bounds:IsValid=true, Min=(X=460.000 Y=6780.000 Z=1610.000), Max=(X=4360.000 Y=10005.000 Z=1635.000) RuntimeGrid:None EditorOnly:0 RuntimeOnly:0 HLODRelevant:0 ListedInSceneOutliner:1 IsMainWorldOnly:0
 |   |   |- Guid:AA1C0E814DC75DCD8B74A19C641B6FE6 BaseClass:/Game/LevelPrototyping/Meshes/wall.wall_C NativeClass:/Script/Engine.Actor Name:wall_C_UAID_84A938E2AACA123602_1391858707 Label:wall18 SpatiallyLoaded:1 Bounds:IsValid=true, Min=(X=490.000 Y=9890.000 Z=1002.500), Max=(X=4390.000 Y=9990.000 Z=1577.500) RuntimeGrid:None EditorOnly:0 RuntimeOnly:0 HLODRelevant:0 ListedInSceneOutliner:1 IsMainWorldOnly:0
 |   |   |- Guid:AC3CF6C44BCE77A15AE85682D0C2BB37 BaseClass:/Game/LevelPrototyping/Meshes/wall.wall_C NativeClass:/Script/Engine.Actor Name:wall_C_UAID_84A938E2AACA113602_1975301520 Label:wall8 SpatiallyLoaded:1 Bounds:IsValid=true, Min=(X=470.000 Y=4925.000 Z=522.500), Max=(X=570.000 Y=9975.000 Z=1097.500) RuntimeGrid:None EditorOnly:0 RuntimeOnly:0 HLODRelevant:0 ListedInSceneOutliner:1 IsMainWorldOnly:0
 |   |   |- Guid:AD3FFC7F40BE9BDC15B3FEA0B8D2A6AB BaseClass:/Game/LevelPrototyping/Meshes/wall.wall_C NativeClass:/Script/Engine.Actor Name:wall_C_UAID_84A938E2AACA123602_1156338701 Label:wall13 SpatiallyLoaded:1 Bounds:IsValid=true, Min=(X=490.000 Y=4110.000 Z=520.000), Max=(X=4390.000 Y=4210.000 Z=820.000) RuntimeGrid:None EditorOnly:0 RuntimeOnly:0 HLODRelevant:0 ListedInSceneOutliner:1 IsMainWorldOnly:0
 |   |   |- Guid:AF09030C47E9BE7AED5291AFC5D0025F BaseClass:/Game/LevelPrototyping/Meshes/wall.wall_C NativeClass:/Script/Engine.Actor Name:wall_C_UAID_84A938E2AACA113602_1246312516 Label:wall6 SpatiallyLoaded:1 Bounds:IsValid=true, Min=(X=2570.545 Y=4910.000 Z=-67.500), Max=(X=4270.545 Y=5010.000 Z=507.500) RuntimeGrid:None EditorOnly:0 RuntimeOnly:0 HLODRelevant:0 ListedInSceneOutliner:1 IsMainWorldOnly:0
 |   |   |- Guid:AFE6D5BF43791530DB11EB927719AF41 BaseClass:/Game/LevelPrototyping/Meshes/wall.wall_C NativeClass:/Script/Engine.Actor Name:wall_C_UAID_84A938E2AACA123602_1391857706 Label:wall17 SpatiallyLoaded:1 Bounds:IsValid=true, Min=(X=447.500 Y=5750.000 Z=1022.500), Max=(X=4372.500 Y=5850.000 Z=1597.500) RuntimeGrid:None EditorOnly:0 RuntimeOnly:0 HLODRelevant:0 ListedInSceneOutliner:1 IsMainWorldOnly:0
 |   |   |- Guid:B54762B74634644E8E17489909DF53B1 BaseClass:/Game/LevelPrototyping/Meshes/pillers.pillers_C NativeClass:/Script/Engine.Actor Name:pillers_C_UAID_84A938E2AACA123602_2073889719 Label:pillers11 SpatiallyLoaded:1 Bounds:IsValid=true, Min=(X=460.000 Y=4370.000 Z=980.000), Max=(X=4360.000 Y=4470.000 Z=1080.000) RuntimeGrid:None EditorOnly:0 RuntimeOnly:0 HLODRelevant:0 ListedInSceneOutliner:1 IsMainWorldOnly:0
 |   |   |- Guid:B721B9644DD63C719DE69BBE5900B692 BaseClass:/Game/LevelPrototyping/Meshes/pillers.pillers_C NativeClass:/Script/Engine.Actor Name:pillers_C_UAID_84A938E2AACA123602_2005275717 Label:pillers9 SpatiallyLoaded:1 Bounds:IsValid=true, Min=(X=2640.000 Y=4385.000 Z=980.000), Max=(X=2740.000 Y=4935.000 Z=1080.000) RuntimeGrid:None EditorOnly:0 RuntimeOnly:0 HLODRelevant:0 ListedInSceneOutliner:1 IsMainWorldOnly:0
 |   |   |- Guid:BBFA77AD48B41493697E6483F24D8E3D BaseClass:/Game/LevelPrototyping/Meshes/pillers.pillers_C NativeClass:/Script/Engine.Actor Name:pillers_C_UAID_84A938E2AACA123602_1786188710 Label:pillers2 SpatiallyLoaded:1 Bounds:IsValid=true, Min=(X=460.000 Y=4390.000 Z=-22.500), Max=(X=560.000 Y=4490.000 Z=502.500) RuntimeGrid:None EditorOnly:0 RuntimeOnly:0 HLODRelevant:0 ListedInSceneOutliner:1 IsMainWorldOnly:0
 |   |   |- Guid:BCE0892E4844F17F27B63B835BFC1349 BaseClass:/Game/FirstPerson/Maps/door.door_C NativeClass:/Script/Engine.Actor Name:door_C_UAID_84A938E2AACA4F3602_1083374423 Label:door SpatiallyLoaded:1 Bounds:IsValid=true, Min=(X=2239.252 Y=4908.000 Z=-38.135), Max=(X=2635.620 Y=4972.000 Z=557.500) RuntimeGrid:None EditorOnly:0 RuntimeOnly:0 HLODRelevant:0 ListedInSceneOutliner:1 IsMainWorldOnly:0
 |   |   |- Guid:BDF09EC9415829CB6C33C18F7D1EAFB0 BaseClass:/Game/LevelPrototyping/Meshes/pillers.pillers_C NativeClass:/Script/Engine.Actor Name:pillers_C_UAID_84A938E2AACA123602_1842585711 Label:pillers3 SpatiallyLoaded:1 Bounds:IsValid=true, Min=(X=4260.000 Y=4390.000 Z=517.500), Max=(X=4360.000 Y=4490.000 Z=1042.500) RuntimeGrid:None EditorOnly:0 RuntimeOnly:0 HLODRelevant:0 ListedInSceneOutliner:1 IsMainWorldOnly:0
 |   |   |- Guid:C27AAC6A4695086EF5EF38A9E9E63C6B BaseClass:/Game/LevelPrototyping/Meshes/pillers.pillers_C NativeClass:/Script/Engine.Actor Name:pillers_C_UAID_84A938E2AACA123602_1963307715 Label:pillers7 SpatiallyLoaded:1 Bounds:IsValid=true, Min=(X=2640.000 Y=4390.000 Z=517.500), Max=(X=2740.000 Y=4490.000 Z=1042.500) RuntimeGrid:None EditorOnly:0 RuntimeOnly:0 HLODRelevant:0 ListedInSceneOutliner:1 IsMainWorldOnly:0
 |   |   |- Guid:EA88069947F2C6C801ABF989A239CB77 BaseClass:/Game/LevelPrototyping/Meshes/wall.wall_C NativeClass:/Script/Engine.Actor Name:wall_C_UAID_84A938E2AACA123602_1391855705 Label:wall16 SpatiallyLoaded:1 Bounds:IsValid=true, Min=(X=4260.000 Y=5795.000 Z=1022.500), Max=(X=4360.000 Y=9945.000 Z=1597.500) RuntimeGrid:None EditorOnly:0 RuntimeOnly:0 HLODRelevant:0 ListedInSceneOutliner:1 IsMainWorldOnly:0
 |   |   |- Guid:EDD47B274D0A3433AF08DBBE8990C089 BaseClass:/Game/LevelPrototyping/Meshes/wall.wall_C NativeClass:/Script/Engine.Actor Name:wall_C_UAID_84A938E2AACA123602_1138768700 Label:wall12 SpatiallyLoaded:1 Bounds:IsValid=true, Min=(X=460.000 Y=4127.500 Z=520.000), Max=(X=560.000 Y=4952.500 Z=820.000) RuntimeGrid:None EditorOnly:0 RuntimeOnly:0 HLODRelevant:0 ListedInSceneOutliner:1 IsMainWorldOnly:0
 |   |   |- Guid:EF540A8B4A78ADE38BD310B6BE7E967E BaseClass:/Game/LevelPrototyping/Meshes/wall.wall_C NativeClass:/Script/Engine.Actor Name:wall_C_UAID_84A938E2AACA103602_2036742335 Label:wall SpatiallyLoaded:1 Bounds:IsValid=true, Min=(X=3810.000 Y=9510.000 Z=-50.000), Max=(X=3910.000 Y=10610.000 Z=50.000) RuntimeGrid:None EditorOnly:0 RuntimeOnly:0 HLODRelevant:0 ListedInSceneOutliner:1 IsMainWorldOnly:0
 |   |   |- Guid:FBC3BA0240DFE6DAC29CBF8548E8C457 BaseClass: NativeClass:/Script/Engine.PostProcessVolume Name:PostProcessVolume_0 Label:PostProcessVolume SpatiallyLoaded:0 Bounds:IsValid=true, Min=(X=0.000 Y=0.000 Z=400.000), Max=(X=200.000 Y=200.000 Z=600.000) RuntimeGrid:None EditorOnly:0 RuntimeOnly:0 HLODRelevant:0 ListedInSceneOutliner:1 IsMainWorldOnly:0 FolderPath:Lighting FolderGuid:0BA5F0A04EADB18E70D5B180D08FA34B
 |   |   |- Guid:FC9DFA4E4C77FEC9FB9762AA449D6852 BaseClass:/Game/LevelPrototyping/Meshes/pillers.pillers_C NativeClass:/Script/Engine.Actor Name:pillers_C_UAID_84A938E2AACA123602_1716747709 Label:pillers SpatiallyLoaded:1 Bounds:IsValid=true, Min=(X=4260.000 Y=4390.000 Z=-22.500), Max=(X=4360.000 Y=4490.000 Z=502.500) RuntimeGrid:None EditorOnly:0 RuntimeOnly:0 HLODRelevant:0 ListedInSceneOutliner:1 IsMainWorldOnly:0
 |   |- [+] Clusters:
 |   |   |- [+] [  0]
 |   |   |   |- Guid:089D51324AD92B63EE3D4B9817FD43C7 BaseClass:/Game/LevelPrototyping/Meshes/wall.wall_C NativeClass:/Script/Engine.Actor Name:wall_C_UAID_84A938E2AACA113602_1975298519 Label:wall7 SpatiallyLoaded:1 Bounds:IsValid=true, Min=(X=490.000 Y=9890.000 Z=522.500), Max=(X=4390.000 Y=9990.000 Z=1097.500) RuntimeGrid:None EditorOnly:0 RuntimeOnly:0 HLODRelevant:0 ListedInSceneOutliner:1 IsMainWorldOnly:0
 |   |   |- [+] [  1]
 |   |   |   |- Guid:0C80194140A9B763F9426D967B1C097C BaseClass: NativeClass:/Script/Engine.SkyAtmosphere Name:SkyAtmosphere_0 Label:SkyAtmosphere SpatiallyLoaded:0 Bounds:IsValid=true, Min=(X=0.000 Y=0.000 Z=1020.000), Max=(X=0.000 Y=0.000 Z=1020.000) RuntimeGrid:None EditorOnly:0 RuntimeOnly:0 HLODRelevant:0 ListedInSceneOutliner:1 IsMainWorldOnly:0 FolderPath:Lighting FolderGuid:0BA5F0A04EADB18E70D5B180D08FA34B
 |   |   |- [+] [  2]
 |   |   |   |- Guid:0DE3901440ADBE739D03EC8B3FD5E07D BaseClass:/Game/LevelPrototyping/Meshes/wall.wall_C NativeClass:/Script/Engine.Actor Name:wall_C_UAID_84A938E2AACA503602_1872973600 Label:wall14 SpatiallyLoaded:1 Bounds:IsValid=true, Min=(X=530.000 Y=4930.000 Z=-67.500), Max=(X=2230.000 Y=5030.000 Z=507.500) RuntimeGrid:None EditorOnly:0 RuntimeOnly:0 HLODRelevant:0 ListedInSceneOutliner:1 IsMainWorldOnly:0
 |   |   |- [+] [  3]
 |   |   |   |- Guid:185DDB054CAFB9EB17C3F7A9267CEFEA BaseClass:/Game/LevelPrototyping/Meshes/floor.floor_C NativeClass:/Script/Engine.Actor Name:floor_C_UAID_84A938E2AACA123602_1255955702 Label:floor2 SpatiallyLoaded:1 Bounds:IsValid=true, Min=(X=210.000 Y=4910.000 Z=1080.000), Max=(X=4635.000 Y=10035.000 Z=1105.000) RuntimeGrid:None EditorOnly:0 RuntimeOnly:0 HLODRelevant:0 ListedInSceneOutliner:1 IsMainWorldOnly:0
 |   |   |- [+] [  4]
 |   |   |   |- Guid:1E453EE2430CB6DA95A913B8EF5B2A51 BaseClass: NativeClass:/Script/Engine.StaticMeshActor Name:StaticMeshActor_0 Label:SM_Cube SpatiallyLoaded:1 Bounds:IsValid=true, Min=(X=0.000 Y=0.000 Z=-50.000), Max=(X=4775.000 Y=10600.000 Z=0.000) RuntimeGrid:None EditorOnly:0 RuntimeOnly:0 HLODRelevant:1 ListedInSceneOutliner:1 IsMainWorldOnly:0 FolderPath:Playground FolderGuid:6C02BB504B69D1F3D7A624B130C18E5B
 |   |   |- [+] [  5]
 |   |   |   |- Guid:2370912E44EEEEB9451CD29A86ADC60E BaseClass:/Game/LevelPrototyping/Meshes/wall.wall_C NativeClass:/Script/Engine.Actor Name:wall_C_UAID_84A938E2AACA113602_1234329515 Label:wall5 SpatiallyLoaded:1 Bounds:IsValid=true, Min=(X=4260.000 Y=4925.000 Z=-67.500), Max=(X=4360.000 Y=9975.000 Z=507.500) RuntimeGrid:None EditorOnly:0 RuntimeOnly:0 HLODRelevant:0 ListedInSceneOutliner:1 IsMainWorldOnly:0
 |   |   |- [+] [  6]
 |   |   |   |- Guid:24DA598B444B0080842892A97B75E84E BaseClass:/Game/LevelPrototyping/Meshes/pillers.pillers_C NativeClass:/Script/Engine.Actor Name:pillers_C_UAID_84A938E2AACA123602_1980390716 Label:pillers8 SpatiallyLoaded:1 Bounds:IsValid=true, Min=(X=2110.000 Y=4390.000 Z=517.500), Max=(X=2210.000 Y=4490.000 Z=1042.500) RuntimeGrid:None EditorOnly:0 RuntimeOnly:0 HLODRelevant:0 ListedInSceneOutliner:1 IsMainWorldOnly:0
 |   |   |- [+] [  7]
 |   |   |   |- Guid:25A537614D559A0DD1E38096E74A4233 BaseClass: NativeClass:/Script/Engine.SkyLight Name:SkyLight_0 Label:SkyLight SpatiallyLoaded:0 Bounds:IsValid=true, Min=(X=0.000 Y=0.000 Z=690.000), Max=(X=0.000 Y=0.000 Z=690.000) RuntimeGrid:None EditorOnly:0 RuntimeOnly:0 HLODRelevant:0 ListedInSceneOutliner:1 IsMainWorldOnly:0 FolderPath:Lighting FolderGuid:0BA5F0A04EADB18E70D5B180D08FA34B
 |   |   |- [+] [  8]
 |   |   |   |- Guid:264CFA0D431AF8EC7AB24B828D8B7084 BaseClass: NativeClass:/Script/Engine.DirectionalLight Name:DirectionalLight_1 Label:DirectionalLight SpatiallyLoaded:0 Bounds:Invalid RuntimeGrid:None EditorOnly:0 RuntimeOnly:0 HLODRelevant:0 ListedInSceneOutliner:1 IsMainWorldOnly:0 FolderPath:Lighting FolderGuid:0BA5F0A04EADB18E70D5B180D08FA34B
 |   |   |- [+] [  9]
 |   |   |   |- Guid:26C4707B409C28D1E9B15B9A39EAFDED BaseClass: NativeClass:/Script/Engine.VolumetricCloud Name:VolumetricCloud_0 Label:VolumetricCloud SpatiallyLoaded:0 Bounds:IsValid=true, Min=(X=0.000 Y=0.000 Z=820.000), Max=(X=0.000 Y=0.000 Z=820.000) RuntimeGrid:None EditorOnly:0 RuntimeOnly:0 HLODRelevant:0 ListedInSceneOutliner:1 IsMainWorldOnly:0 FolderPath:Lighting FolderGuid:0BA5F0A04EADB18E70D5B180D08FA34B
 |   |   |- [+] [ 10]
 |   |   |   |- Guid:2BCC086B4EF0A78BE5E179A81329A9D2 BaseClass:/Game/LevelPrototyping/Meshes/wall.wall_C NativeClass:/Script/Engine.Actor Name:wall_C_UAID_84A938E2AACA113602_1142556514 Label:wall4 SpatiallyLoaded:1 Bounds:IsValid=true, Min=(X=440.000 Y=4925.000 Z=-67.500), Max=(X=540.000 Y=9975.000 Z=507.500) RuntimeGrid:None EditorOnly:0 RuntimeOnly:0 HLODRelevant:0 ListedInSceneOutliner:1 IsMainWorldOnly:0
 |   |   |- [+] [ 11]
 |   |   |   |- Guid:2F85095D4D1BFFE311E4538319EA04DC BaseClass: NativeClass:/Script/Engine.PlayerStart Name:PlayerStart_0 Label:PlayerStart SpatiallyLoaded:0 Bounds:IsValid=true, Min=(X=860.000 Y=810.000 Z=0.013), Max=(X=940.000 Y=890.000 Z=184.013) RuntimeGrid:None EditorOnly:0 RuntimeOnly:0 HLODRelevant:0 ListedInSceneOutliner:1 IsMainWorldOnly:0
 |   |   |- [+] [ 12]
 |   |   |   |- Guid:3632ED5C4E7C12B842592CB10AB3F7F3 BaseClass:/Game/LevelPrototyping/Meshes/wall.wall_C NativeClass:/Script/Engine.Actor Name:wall_C_UAID_84A938E2AACA113602_1975303521 Label:wall9 SpatiallyLoaded:1 Bounds:IsValid=true, Min=(X=4290.000 Y=4925.000 Z=522.500), Max=(X=4390.000 Y=9975.000 Z=1097.500) RuntimeGrid:None EditorOnly:0 RuntimeOnly:0 HLODRelevant:0 ListedInSceneOutliner:1 IsMainWorldOnly:0
 |   |   |- [+] [ 13]
 |   |   |   |- Guid:46E31E914C274E11731EA0A9DF673752 BaseClass:/Game/LevelPrototyping/Meshes/wall.wall_C NativeClass:/Script/Engine.Actor Name:wall_C_UAID_84A938E2AACA113602_1096978513 Label:wall3 SpatiallyLoaded:1 Bounds:IsValid=true, Min=(X=460.000 Y=9890.000 Z=-67.500), Max=(X=3860.000 Y=9990.000 Z=507.500) RuntimeGrid:None EditorOnly:0 RuntimeOnly:0 HLODRelevant:0 ListedInSceneOutliner:1 IsMainWorldOnly:0
 |   |   |- [+] [ 14]
 |   |   |   |- Guid:4B12419A45A0C0BACB557AA2030BEA18 BaseClass: NativeClass:/Script/Engine.PostProcessVolume Name:PostProcessVolume_UAID_84A938E2AACAF63002_1232508479 Label:PostProcessVolume2 SpatiallyLoaded:0 Bounds:IsValid=true, Min=(X=1660.000 Y=1330.000 Z=-40.000), Max=(X=1860.000 Y=1530.000 Z=160.000) RuntimeGrid:None EditorOnly:0 RuntimeOnly:0 HLODRelevant:0 ListedInSceneOutliner:1 IsMainWorldOnly:0
 |   |   |- [+] [ 15]
 |   |   |   |- Guid:4BA3043E41DBF7D7882956994BB596A0 BaseClass:/Game/LevelPrototyping/Meshes/floor.floor_C NativeClass:/Script/Engine.Actor Name:floor_C_UAID_84A938E2AACA113602_1599632518 Label:floor SpatiallyLoaded:1 Bounds:IsValid=true, Min=(X=460.000 Y=4120.000 Z=500.000), Max=(X=4385.000 Y=10120.000 Z=525.000) RuntimeGrid:None EditorOnly:0 RuntimeOnly:0 HLODRelevant:0 ListedInSceneOutliner:1 IsMainWorldOnly:0
 |   |   |- [+] [ 16]
 |   |   |   |- Guid:5BD917164ACCBE9A2362AD89DC4574AA BaseClass: NativeClass:/Script/Engine.ExponentialHeightFog Name:ExponentialHeightFog_0 Label:ExponentialHeightFog SpatiallyLoaded:0 Bounds:IsValid=true, Min=(X=-5600.000 Y=-50.000 Z=-6850.000), Max=(X=-5600.000 Y=-50.000 Z=-6850.000) RuntimeGrid:None EditorOnly:0 RuntimeOnly:0 HLODRelevant:0 ListedInSceneOutliner:1 IsMainWorldOnly:0 FolderPath:Lighting FolderGuid:0BA5F0A04EADB18E70D5B180D08FA34B
 |   |   |- [+] [ 17]
 |   |   |   |- Guid:5D04C405427DA90E793989ADC1A694C4 BaseClass:/Game/FirstPerson/Blueprints/BP_Pickup_Rifle.BP_Pickup_Rifle_C NativeClass:/Script/Engine.Actor Name:BP_Rifle_C_1 Label:BP_Pickup_Rifle SpatiallyLoaded:1 Bounds:IsValid=true, Min=(X=1378.000 Y=818.000 Z=64.000), Max=(X=1442.000 Y=907.440 Z=128.000) RuntimeGrid:None EditorOnly:0 RuntimeOnly:0 HLODRelevant:0 ListedInSceneOutliner:1 IsMainWorldOnly:0
 |   |   |- [+] [ 18]
 |   |   |   |- Guid:60B015494FF0563C70C9CEADCE638D4C BaseClass:/Game/LevelPrototyping/Meshes/pillers.pillers_C NativeClass:/Script/Engine.Actor Name:pillers_C_UAID_84A938E2AACA123602_2005278718 Label:pillers10 SpatiallyLoaded:1 Bounds:IsValid=true, Min=(X=2110.000 Y=4385.000 Z=980.000), Max=(X=2210.000 Y=4935.000 Z=1080.000) RuntimeGrid:None EditorOnly:0 RuntimeOnly:0 HLODRelevant:0 ListedInSceneOutliner:1 IsMainWorldOnly:0
 |   |   |- [+] [ 19]
 |   |   |   |- Guid:6243044649CDF0EFF548B4BC31BF12D3 BaseClass:/Game/LevelPrototyping/Meshes/pillers.pillers_C NativeClass:/Script/Engine.Actor Name:pillers_C_UAID_84A938E2AACA123602_1842588712 Label:pillers4 SpatiallyLoaded:1 Bounds:IsValid=true, Min=(X=460.000 Y=4390.000 Z=517.500), Max=(X=560.000 Y=4490.000 Z=1042.500) RuntimeGrid:None EditorOnly:0 RuntimeOnly:0 HLODRelevant:0 ListedInSceneOutliner:1 IsMainWorldOnly:0
 |   |   |- [+] [ 20]
 |   |   |   |- Guid:6293BD0F4799A9C324A6CC9070536396 BaseClass:/Game/LevelPrototyping/Meshes/wall.wall_C NativeClass:/Script/Engine.Actor Name:wall_C_UAID_84A938E2AACA123602_1391854704 Label:wall15 SpatiallyLoaded:1 Bounds:IsValid=true, Min=(X=440.000 Y=5795.000 Z=1022.500), Max=(X=540.000 Y=9945.000 Z=1597.500) RuntimeGrid:None EditorOnly:0 RuntimeOnly:0 HLODRelevant:0 ListedInSceneOutliner:1 IsMainWorldOnly:0
 |   |   |- [+] [ 21]
 |   |   |   |- Guid:70454C424A72593F40D346B7213C2A51 BaseClass:/Game/textures/NewBlueprint.NewBlueprint_C NativeClass:/Script/Engine.Actor Name:NewBlueprint_C_UAID_84A938E2AACAA13102_1376012577 Label:NewBlueprint SpatiallyLoaded:1 Bounds:IsValid=true, Min=(X=1030.000 Y=290.000 Z=150.005), Max=(X=1130.000 Y=390.000 Z=250.005) RuntimeGrid:None EditorOnly:0 RuntimeOnly:0 HLODRelevant:0 ListedInSceneOutliner:1 IsMainWorldOnly:0
 |   |   |- [+] [ 22]
 |   |   |   |- Guid:7962598044485FD1CCD9EFB2DD8D020A BaseClass:/Game/LevelPrototyping/Meshes/wall.wall_C NativeClass:/Script/Engine.Actor Name:wall_C_UAID_84A938E2AACA103602_2100395336 Label:wall2 SpatiallyLoaded:1 Bounds:IsValid=true, Min=(X=3670.000 Y=9440.000 Z=-50.000), Max=(X=4770.000 Y=9540.000 Z=50.000) RuntimeGrid:None EditorOnly:0 RuntimeOnly:0 HLODRelevant:0 ListedInSceneOutliner:1 IsMainWorldOnly:0
 |   |   |- [+] [ 23]
 |   |   |   |- Guid:7D8601534F53306BECABCE895A9CF967 BaseClass:/Game/LevelPrototyping/Meshes/pillers.pillers_C NativeClass:/Script/Engine.Actor Name:pillers_C_UAID_84A938E2AACA123602_1886170714 Label:pillers6 SpatiallyLoaded:1 Bounds:IsValid=true, Min=(X=460.000 Y=4385.000 Z=970.000), Max=(X=560.000 Y=4935.000 Z=1070.000) RuntimeGrid:None EditorOnly:0 RuntimeOnly:0 HLODRelevant:0 ListedInSceneOutliner:1 IsMainWorldOnly:0
 |   |   |- [+] [ 24]
 |   |   |   |- Guid:7EC9782D468207DC67772DB9A3D47487 BaseClass: NativeClass:/Script/Engine.WorldDataLayers Name:WorldDataLayers Label:WorldDataLayers SpatiallyLoaded:0 Bounds:Invalid RuntimeGrid:None EditorOnly:0 RuntimeOnly:0 HLODRelevant:0 ListedInSceneOutliner:1 IsMainWorldOnly:1
 |   |   |- [+] [ 25]
 |   |   |   |- Guid:82B119FF4A027541CB0BE986CD34BCF0 BaseClass: NativeClass:/Script/Engine.PostProcessVolume Name:PostProcessVolume_UAID_84A938E2AACAA03102_1288078400 Label:PostProcessVolume3 SpatiallyLoaded:0 Bounds:IsValid=true, Min=(X=1140.000 Y=230.000 Z=10.000), Max=(X=1340.000 Y=430.000 Z=210.000) RuntimeGrid:None EditorOnly:0 RuntimeOnly:0 HLODRelevant:0 ListedInSceneOutliner:1 IsMainWorldOnly:0
 |   |   |- [+] [ 26]
 |   |   |   |- Guid:86B6E7ED425E68283DB24CACF054E008 BaseClass:/Game/LevelPrototyping/Meshes/wall.wall_C NativeClass:/Script/Engine.Actor Name:wall_C_UAID_84A938E2AACA113602_2093692523 Label:wall11 SpatiallyLoaded:1 Bounds:IsValid=true, Min=(X=4290.000 Y=4127.500 Z=520.000), Max=(X=4390.000 Y=4952.500 Z=820.000) RuntimeGrid:None EditorOnly:0 RuntimeOnly:0 HLODRelevant:0 ListedInSceneOutliner:1 IsMainWorldOnly:0
 |   |   |- [+] [ 27]
 |   |   |   |- Guid:87B874404EE1ABDB42864E93FECCD20F BaseClass:/Game/LevelPrototyping/Meshes/pillers.pillers_C NativeClass:/Script/Engine.Actor Name:pillers_C_UAID_84A938E2AACA123602_1886167713 Label:pillers5 SpatiallyLoaded:1 Bounds:IsValid=true, Min=(X=4260.000 Y=4385.000 Z=970.000), Max=(X=4360.000 Y=4935.000 Z=1070.000) RuntimeGrid:None EditorOnly:0 RuntimeOnly:0 HLODRelevant:0 ListedInSceneOutliner:1 IsMainWorldOnly:0
 |   |   |- [+] [ 28]
 |   |   |   |- Guid:97B2EF954C520D3FABAE1F9730B50964 BaseClass:/Game/LevelPrototyping/Meshes/wall.wall_C NativeClass:/Script/Engine.Actor Name:wall_C_UAID_84A938E2AACA113602_1975304522 Label:wall10 SpatiallyLoaded:1 Bounds:IsValid=true, Min=(X=477.500 Y=4940.000 Z=522.500), Max=(X=4402.500 Y=5040.000 Z=1097.500) RuntimeGrid:None EditorOnly:0 RuntimeOnly:0 HLODRelevant:0 ListedInSceneOutliner:1 IsMainWorldOnly:0
 |   |   |- [+] [ 29]
 |   |   |   |- Guid:A716EA6D42C5CD0BC1BBC4AA5B57C5C7 BaseClass:/Game/LevelPrototyping/Meshes/floor.floor_C NativeClass:/Script/Engine.Actor Name:floor_C_UAID_84A938E2AACA123602_1512532708 Label:floor3 SpatiallyLoaded:1 Bounds:IsValid=true, Min=(X=460.000 Y=6780.000 Z=1610.000), Max=(X=4360.000 Y=10005.000 Z=1635.000) RuntimeGrid:None EditorOnly:0 RuntimeOnly:0 HLODRelevant:0 ListedInSceneOutliner:1 IsMainWorldOnly:0
 |   |   |- [+] [ 30]
 |   |   |   |- Guid:AA1C0E814DC75DCD8B74A19C641B6FE6 BaseClass:/Game/LevelPrototyping/Meshes/wall.wall_C NativeClass:/Script/Engine.Actor Name:wall_C_UAID_84A938E2AACA123602_1391858707 Label:wall18 SpatiallyLoaded:1 Bounds:IsValid=true, Min=(X=490.000 Y=9890.000 Z=1002.500), Max=(X=4390.000 Y=9990.000 Z=1577.500) RuntimeGrid:None EditorOnly:0 RuntimeOnly:0 HLODRelevant:0 ListedInSceneOutliner:1 IsMainWorldOnly:0
 |   |   |- [+] [ 31]
 |   |   |   |- Guid:AC3CF6C44BCE77A15AE85682D0C2BB37 BaseClass:/Game/LevelPrototyping/Meshes/wall.wall_C NativeClass:/Script/Engine.Actor Name:wall_C_UAID_84A938E2AACA113602_1975301520 Label:wall8 SpatiallyLoaded:1 Bounds:IsValid=true, Min=(X=470.000 Y=4925.000 Z=522.500), Max=(X=570.000 Y=9975.000 Z=1097.500) RuntimeGrid:None EditorOnly:0 RuntimeOnly:0 HLODRelevant:0 ListedInSceneOutliner:1 IsMainWorldOnly:0
 |   |   |- [+] [ 32]
 |   |   |   |- Guid:AD3FFC7F40BE9BDC15B3FEA0B8D2A6AB BaseClass:/Game/LevelPrototyping/Meshes/wall.wall_C NativeClass:/Script/Engine.Actor Name:wall_C_UAID_84A938E2AACA123602_1156338701 Label:wall13 SpatiallyLoaded:1 Bounds:IsValid=true, Min=(X=490.000 Y=4110.000 Z=520.000), Max=(X=4390.000 Y=4210.000 Z=820.000) RuntimeGrid:None EditorOnly:0 RuntimeOnly:0 HLODRelevant:0 ListedInSceneOutliner:1 IsMainWorldOnly:0
 |   |   |- [+] [ 33]
 |   |   |   |- Guid:AF09030C47E9BE7AED5291AFC5D0025F BaseClass:/Game/LevelPrototyping/Meshes/wall.wall_C NativeClass:/Script/Engine.Actor Name:wall_C_UAID_84A938E2AACA113602_1246312516 Label:wall6 SpatiallyLoaded:1 Bounds:IsValid=true, Min=(X=2570.545 Y=4910.000 Z=-67.500), Max=(X=4270.545 Y=5010.000 Z=507.500) RuntimeGrid:None EditorOnly:0 RuntimeOnly:0 HLODRelevant:0 ListedInSceneOutliner:1 IsMainWorldOnly:0
 |   |   |- [+] [ 34]
 |   |   |   |- Guid:AFE6D5BF43791530DB11EB927719AF41 BaseClass:/Game/LevelPrototyping/Meshes/wall.wall_C NativeClass:/Script/Engine.Actor Name:wall_C_UAID_84A938E2AACA123602_1391857706 Label:wall17 SpatiallyLoaded:1 Bounds:IsValid=true, Min=(X=447.500 Y=5750.000 Z=1022.500), Max=(X=4372.500 Y=5850.000 Z=1597.500) RuntimeGrid:None EditorOnly:0 RuntimeOnly:0 HLODRelevant:0 ListedInSceneOutliner:1 IsMainWorldOnly:0
 |   |   |- [+] [ 35]
 |   |   |   |- Guid:B54762B74634644E8E17489909DF53B1 BaseClass:/Game/LevelPrototyping/Meshes/pillers.pillers_C NativeClass:/Script/Engine.Actor Name:pillers_C_UAID_84A938E2AACA123602_2073889719 Label:pillers11 SpatiallyLoaded:1 Bounds:IsValid=true, Min=(X=460.000 Y=4370.000 Z=980.000), Max=(X=4360.000 Y=4470.000 Z=1080.000) RuntimeGrid:None EditorOnly:0 RuntimeOnly:0 HLODRelevant:0 ListedInSceneOutliner:1 IsMainWorldOnly:0
 |   |   |- [+] [ 36]
 |   |   |   |- Guid:B721B9644DD63C719DE69BBE5900B692 BaseClass:/Game/LevelPrototyping/Meshes/pillers.pillers_C NativeClass:/Script/Engine.Actor Name:pillers_C_UAID_84A938E2AACA123602_2005275717 Label:pillers9 SpatiallyLoaded:1 Bounds:IsValid=true, Min=(X=2640.000 Y=4385.000 Z=980.000), Max=(X=2740.000 Y=4935.000 Z=1080.000) RuntimeGrid:None EditorOnly:0 RuntimeOnly:0 HLODRelevant:0 ListedInSceneOutliner:1 IsMainWorldOnly:0
 |   |   |- [+] [ 37]
 |   |   |   |- Guid:BBFA77AD48B41493697E6483F24D8E3D BaseClass:/Game/LevelPrototyping/Meshes/pillers.pillers_C NativeClass:/Script/Engine.Actor Name:pillers_C_UAID_84A938E2AACA123602_1786188710 Label:pillers2 SpatiallyLoaded:1 Bounds:IsValid=true, Min=(X=460.000 Y=4390.000 Z=-22.500), Max=(X=560.000 Y=4490.000 Z=502.500) RuntimeGrid:None EditorOnly:0 RuntimeOnly:0 HLODRelevant:0 ListedInSceneOutliner:1 IsMainWorldOnly:0
 |   |   |- [+] [ 38]
 |   |   |   |- Guid:BCE0892E4844F17F27B63B835BFC1349 BaseClass:/Game/FirstPerson/Maps/door.door_C NativeClass:/Script/Engine.Actor Name:door_C_UAID_84A938E2AACA4F3602_1083374423 Label:door SpatiallyLoaded:1 Bounds:IsValid=true, Min=(X=2239.252 Y=4908.000 Z=-38.135), Max=(X=2635.620 Y=4972.000 Z=557.500) RuntimeGrid:None EditorOnly:0 RuntimeOnly:0 HLODRelevant:0 ListedInSceneOutliner:1 IsMainWorldOnly:0
 |   |   |- [+] [ 39]
 |   |   |   |- Guid:BDF09EC9415829CB6C33C18F7D1EAFB0 BaseClass:/Game/LevelPrototyping/Meshes/pillers.pillers_C NativeClass:/Script/Engine.Actor Name:pillers_C_UAID_84A938E2AACA123602_1842585711 Label:pillers3 SpatiallyLoaded:1 Bounds:IsValid=true, Min=(X=4260.000 Y=4390.000 Z=517.500), Max=(X=4360.000 Y=4490.000 Z=1042.500) RuntimeGrid:None EditorOnly:0 RuntimeOnly:0 HLODRelevant:0 ListedInSceneOutliner:1 IsMainWorldOnly:0
 |   |   |- [+] [ 40]
 |   |   |   |- Guid:C27AAC6A4695086EF5EF38A9E9E63C6B BaseClass:/Game/LevelPrototyping/Meshes/pillers.pillers_C NativeClass:/Script/Engine.Actor Name:pillers_C_UAID_84A938E2AACA123602_1963307715 Label:pillers7 SpatiallyLoaded:1 Bounds:IsValid=true, Min=(X=2640.000 Y=4390.000 Z=517.500), Max=(X=2740.000 Y=4490.000 Z=1042.500) RuntimeGrid:None EditorOnly:0 RuntimeOnly:0 HLODRelevant:0 ListedInSceneOutliner:1 IsMainWorldOnly:0
 |   |   |- [+] [ 41]
 |   |   |   |- Guid:EA88069947F2C6C801ABF989A239CB77 BaseClass:/Game/LevelPrototyping/Meshes/wall.wall_C NativeClass:/Script/Engine.Actor Name:wall_C_UAID_84A938E2AACA123602_1391855705 Label:wall16 SpatiallyLoaded:1 Bounds:IsValid=true, Min=(X=4260.000 Y=5795.000 Z=1022.500), Max=(X=4360.000 Y=9945.000 Z=1597.500) RuntimeGrid:None EditorOnly:0 RuntimeOnly:0 HLODRelevant:0 ListedInSceneOutliner:1 IsMainWorldOnly:0
 |   |   |- [+] [ 42]
 |   |   |   |- Guid:EDD47B274D0A3433AF08DBBE8990C089 BaseClass:/Game/LevelPrototyping/Meshes/wall.wall_C NativeClass:/Script/Engine.Actor Name:wall_C_UAID_84A938E2AACA123602_1138768700 Label:wall12 SpatiallyLoaded:1 Bounds:IsValid=true, Min=(X=460.000 Y=4127.500 Z=520.000), Max=(X=560.000 Y=4952.500 Z=820.000) RuntimeGrid:None EditorOnly:0 RuntimeOnly:0 HLODRelevant:0 ListedInSceneOutliner:1 IsMainWorldOnly:0
 |   |   |- [+] [ 43]
 |   |   |   |- Guid:EF540A8B4A78ADE38BD310B6BE7E967E BaseClass:/Game/LevelPrototyping/Meshes/wall.wall_C NativeClass:/Script/Engine.Actor Name:wall_C_UAID_84A938E2AACA103602_2036742335 Label:wall SpatiallyLoaded:1 Bounds:IsValid=true, Min=(X=3810.000 Y=9510.000 Z=-50.000), Max=(X=3910.000 Y=10610.000 Z=50.000) RuntimeGrid:None EditorOnly:0 RuntimeOnly:0 HLODRelevant:0 ListedInSceneOutliner:1 IsMainWorldOnly:0
 |   |   |- [+] [ 44]
 |   |   |   |- Guid:FBC3BA0240DFE6DAC29CBF8548E8C457 BaseClass: NativeClass:/Script/Engine.PostProcessVolume Name:PostProcessVolume_0 Label:PostProcessVolume SpatiallyLoaded:0 Bounds:IsValid=true, Min=(X=0.000 Y=0.000 Z=400.000), Max=(X=200.000 Y=200.000 Z=600.000) RuntimeGrid:None EditorOnly:0 RuntimeOnly:0 HLODRelevant:0 ListedInSceneOutliner:1 IsMainWorldOnly:0 FolderPath:Lighting FolderGuid:0BA5F0A04EADB18E70D5B180D08FA34B
 |   |   |- [+] [ 45]
 |   |   |   |- Guid:FC9DFA4E4C77FEC9FB9762AA449D6852 BaseClass:/Game/LevelPrototyping/Meshes/pillers.pillers_C NativeClass:/Script/Engine.Actor Name:pillers_C_UAID_84A938E2AACA123602_1716747709 Label:pillers SpatiallyLoaded:1 Bounds:IsValid=true, Min=(X=4260.000 Y=4390.000 Z=-22.500), Max=(X=4360.000 Y=4490.000 Z=502.500) RuntimeGrid:None EditorOnly:0 RuntimeOnly:0 HLODRelevant:0 ListedInSceneOutliner:1 IsMainWorldOnly:0
 |- ContainerInstances:
 |- [+] MainContainer:
 |   |-        ID: 00000000000000000000000000000000
 |   |-  ParentID: 00000000000000000000000000000000
 |   |-    Bounds: IsValid=false, Min=(X=0.000 Y=0.000 Z=0.000), Max=(X=0.000 Y=0.000 Z=0.000)
 |   |- Transform: 0.000000,0.000000,0.000000|0.000000,0.000000,-0.000000|1.000000,1.000000,1.000000
 |   |- Container: /Game/FirstPerson/Maps/FirstPersonMap1
----------------------------------------------------------------------------------------------------------------
FirstPersonMap1 - Persistent Level
----------------------------------------------------------------------------------------------------------------
[+] Content of FirstPersonMap1 Persistent Level
 |- Always loaded Actor Count: 46 
 |- Actor Path: /Game/FirstPerson/Maps/FirstPersonMap1.FirstPersonMap1:PersistentLevel.BP_Rifle_C_1
 |- Actor Package: /Game/__ExternalActors__/FirstPerson/Maps/FirstPersonMap1/A/B5/U1RB480BTRINXUU4TX2LFL
 |- Actor Path: /Game/FirstPerson/Maps/FirstPersonMap1.FirstPersonMap1:PersistentLevel.DirectionalLight_1
 |- Actor Package: /Game/__ExternalActors__/FirstPerson/Maps/FirstPersonMap1/5/AI/PMC4MSYQQ9G1GHFSKU42VY
 |- Actor Path: /Game/FirstPerson/Maps/FirstPersonMap1.FirstPersonMap1:PersistentLevel.door_C_UAID_84A938E2AACA4F3602_1083374423
 |- Actor Package: /Game/__ExternalActors__/FirstPerson/Maps/FirstPersonMap1/3/ZK/PNVOJH8EP1KINBA54QH7FC
 |- Actor Path: /Game/FirstPerson/Maps/FirstPersonMap1.FirstPersonMap1:PersistentLevel.ExponentialHeightFog_0
 |- Actor Package: /Game/__ExternalActors__/FirstPerson/Maps/FirstPersonMap1/C/81/IOMQNMDNVP2TL1HE8N9VIM
 |- Actor Path: /Game/FirstPerson/Maps/FirstPersonMap1.FirstPersonMap1:PersistentLevel.floor_C_UAID_84A938E2AACA113602_1599632518
 |- Actor Package: /Game/__ExternalActors__/FirstPerson/Maps/FirstPersonMap1/9/AX/4XYSSF0JKDPNYMR96GU9JI
 |- Actor Path: /Game/FirstPerson/Maps/FirstPersonMap1.FirstPersonMap1:PersistentLevel.floor_C_UAID_84A938E2AACA123602_1255955702
 |- Actor Package: /Game/__ExternalActors__/FirstPerson/Maps/FirstPersonMap1/3/GB/S31J699BU0CYG4GZ4BOVPI
 |- Actor Path: /Game/FirstPerson/Maps/FirstPersonMap1.FirstPersonMap1:PersistentLevel.floor_C_UAID_84A938E2AACA123602_1512532708
 |- Actor Package: /Game/__ExternalActors__/FirstPerson/Maps/FirstPersonMap1/7/C0/R89HDEPS1QL61IWY9ALZL4
 |- Actor Path: /Game/FirstPerson/Maps/FirstPersonMap1.FirstPersonMap1:PersistentLevel.NewBlueprint_C_UAID_84A938E2AACAA13102_1376012577
 |- Actor Package: /Game/__ExternalActors__/FirstPerson/Maps/FirstPersonMap1/1/1A/0I2UNLXM0MHP2MUCDP8PBD
 |- Actor Path: /Game/FirstPerson/Maps/FirstPersonMap1.FirstPersonMap1:PersistentLevel.pillers_C_UAID_84A938E2AACA123602_1716747709
 |- Actor Package: /Game/__ExternalActors__/FirstPerson/Maps/FirstPersonMap1/2/I7/EKEUPG4FFXJDL7BOVG2YQU
 |- Actor Path: /Game/FirstPerson/Maps/FirstPersonMap1.FirstPersonMap1:PersistentLevel.pillers_C_UAID_84A938E2AACA123602_1786188710
 |- Actor Package: /Game/__ExternalActors__/FirstPerson/Maps/FirstPersonMap1/C/A3/CYBUUU8K9VJIIW3C5K0G68
 |- Actor Path: /Game/FirstPerson/Maps/FirstPersonMap1.FirstPersonMap1:PersistentLevel.pillers_C_UAID_84A938E2AACA123602_1842585711
 |- Actor Package: /Game/__ExternalActors__/FirstPerson/Maps/FirstPersonMap1/9/WK/UZ6H3PUANTILYH6UACO5N2
 |- Actor Path: /Game/FirstPerson/Maps/FirstPersonMap1.FirstPersonMap1:PersistentLevel.pillers_C_UAID_84A938E2AACA123602_1842588712
 |- Actor Package: /Game/__ExternalActors__/FirstPerson/Maps/FirstPersonMap1/E/GE/5P50J6H4D16XXNGMEGO01Q
 |- Actor Path: /Game/FirstPerson/Maps/FirstPersonMap1.FirstPersonMap1:PersistentLevel.pillers_C_UAID_84A938E2AACA123602_1886167713
 |- Actor Package: /Game/__ExternalActors__/FirstPerson/Maps/FirstPersonMap1/4/7O/J6VY5ZSIIUC9FJX8V9RI3Q
 |- Actor Path: /Game/FirstPerson/Maps/FirstPersonMap1.FirstPersonMap1:PersistentLevel.pillers_C_UAID_84A938E2AACA123602_1886170714
 |- Actor Package: /Game/__ExternalActors__/FirstPerson/Maps/FirstPersonMap1/B/XC/V90IKF39Y7LKD8OE02WK3J
 |- Actor Path: /Game/FirstPerson/Maps/FirstPersonMap1.FirstPersonMap1:PersistentLevel.pillers_C_UAID_84A938E2AACA123602_1963307715
 |- Actor Package: /Game/__ExternalActors__/FirstPerson/Maps/FirstPersonMap1/2/GV/LAC4QEGVJP2W9MXXM8IE1B
 |- Actor Path: /Game/FirstPerson/Maps/FirstPersonMap1.FirstPersonMap1:PersistentLevel.pillers_C_UAID_84A938E2AACA123602_1980390716
 |- Actor Package: /Game/__ExternalActors__/FirstPerson/Maps/FirstPersonMap1/B/6C/K5STVUBTB6FNJLTNC1K9IF
 |- Actor Path: /Game/FirstPerson/Maps/FirstPersonMap1.FirstPersonMap1:PersistentLevel.pillers_C_UAID_84A938E2AACA123602_2005275717
 |- Actor Package: /Game/__ExternalActors__/FirstPerson/Maps/FirstPersonMap1/9/RI/FZIBL4DNEHIAMQNDY5WIGD
 |- Actor Path: /Game/FirstPerson/Maps/FirstPersonMap1.FirstPersonMap1:PersistentLevel.pillers_C_UAID_84A938E2AACA123602_2005278718
 |- Actor Package: /Game/__ExternalActors__/FirstPerson/Maps/FirstPersonMap1/9/1N/7JNUDXNLCCOV7PMAEZD2RH
 |- Actor Path: /Game/FirstPerson/Maps/FirstPersonMap1.FirstPersonMap1:PersistentLevel.pillers_C_UAID_84A938E2AACA123602_2073889719
 |- Actor Package: /Game/__ExternalActors__/FirstPerson/Maps/FirstPersonMap1/6/H7/LBSNOIU67A12KYYYZVF9IO
 |- Actor Path: /Game/FirstPerson/Maps/FirstPersonMap1.FirstPersonMap1:PersistentLevel.PlayerStart_0
 |- Actor Package: /Game/__ExternalActors__/FirstPerson/Maps/FirstPersonMap1/E/4E/38ZREE9Q2P2BOEIHW1C2WB
 |- Actor Path: /Game/FirstPerson/Maps/FirstPersonMap1.FirstPersonMap1:PersistentLevel.PostProcessVolume_0
 |- Actor Package: /Game/__ExternalActors__/FirstPerson/Maps/FirstPersonMap1/3/UC/2O7ITJYM8AU50327I0PBN4
 |- Actor Path: /Game/FirstPerson/Maps/FirstPersonMap1.FirstPersonMap1:PersistentLevel.PostProcessVolume_UAID_84A938E2AACAA03102_1288078400
 |- Actor Package: /Game/__ExternalActors__/FirstPerson/Maps/FirstPersonMap1/7/0H/29HSATCIHJEQORY0BHCWZD
 |- Actor Path: /Game/FirstPerson/Maps/FirstPersonMap1.FirstPersonMap1:PersistentLevel.PostProcessVolume_UAID_84A938E2AACAF63002_1232508479
 |- Actor Package: /Game/__ExternalActors__/FirstPerson/Maps/FirstPersonMap1/4/JD/HCP4S4Q7O3MVOEWURPKDZU
 |- Actor Path: /Game/FirstPerson/Maps/FirstPersonMap1.FirstPersonMap1:PersistentLevel.SkyAtmosphere_0
 |- Actor Package: /Game/__ExternalActors__/FirstPerson/Maps/FirstPersonMap1/3/VV/HJ7SX9MQKB69RWSSXAGQRU
 |- Actor Path: /Game/FirstPerson/Maps/FirstPersonMap1.FirstPersonMap1:PersistentLevel.SkyLight_0
 |- Actor Package: /Game/__ExternalActors__/FirstPerson/Maps/FirstPersonMap1/4/LJ/6OUV2VZKLOGHKNET5L5IT8
 |- Actor Path: /Game/FirstPerson/Maps/FirstPersonMap1.FirstPersonMap1:PersistentLevel.StaticMeshActor_0
 |- Actor Package: /Game/__ExternalActors__/FirstPerson/Maps/FirstPersonMap1/9/6J/PIX0NL21DC963EFQY41FBP
 |- Actor Path: /Game/FirstPerson/Maps/FirstPersonMap1.FirstPersonMap1:PersistentLevel.VolumetricCloud_0
 |- Actor Package: /Game/__ExternalActors__/FirstPerson/Maps/FirstPersonMap1/6/DA/D1XHYOMX6SQM72JY4CPV0W
 |- Actor Path: /Game/FirstPerson/Maps/FirstPersonMap1.FirstPersonMap1:PersistentLevel.wall_C_UAID_84A938E2AACA103602_2036742335
 |- Actor Package: /Game/__ExternalActors__/FirstPerson/Maps/FirstPersonMap1/2/DN/D7QE7YELFB9BGCCDZ7N0HB
 |- Actor Path: /Game/FirstPerson/Maps/FirstPersonMap1.FirstPersonMap1:PersistentLevel.wall_C_UAID_84A938E2AACA103602_2100395336
 |- Actor Package: /Game/__ExternalActors__/FirstPerson/Maps/FirstPersonMap1/D/W9/6WKY4C01WJ4UO5O0LJN1V1
 |- Actor Path: /Game/FirstPerson/Maps/FirstPersonMap1.FirstPersonMap1:PersistentLevel.wall_C_UAID_84A938E2AACA113602_1096978513
 |- Actor Package: /Game/__ExternalActors__/FirstPerson/Maps/FirstPersonMap1/5/ZE/4JH54YXM0UQ48JVUE9I941
 |- Actor Path: /Game/FirstPerson/Maps/FirstPersonMap1.FirstPersonMap1:PersistentLevel.wall_C_UAID_84A938E2AACA113602_1142556514
 |- Actor Package: /Game/__ExternalActors__/FirstPerson/Maps/FirstPersonMap1/6/FT/1FD2STKWFVGYR6JIJD8PR4
 |- Actor Path: /Game/FirstPerson/Maps/FirstPersonMap1.FirstPersonMap1:PersistentLevel.wall_C_UAID_84A938E2AACA113602_1234329515
 |- Actor Package: /Game/__ExternalActors__/FirstPerson/Maps/FirstPersonMap1/E/PP/UBJLZB62KW2K76LLPAPOTH
 |- Actor Path: /Game/FirstPerson/Maps/FirstPersonMap1.FirstPersonMap1:PersistentLevel.wall_C_UAID_84A938E2AACA113602_1246312516
 |- Actor Package: /Game/__ExternalActors__/FirstPerson/Maps/FirstPersonMap1/1/4S/JYM0UGAIO31VBCZ6X2P1D1
 |- Actor Path: /Game/FirstPerson/Maps/FirstPersonMap1.FirstPersonMap1:PersistentLevel.wall_C_UAID_84A938E2AACA113602_1975298519
 |- Actor Package: /Game/__ExternalActors__/FirstPerson/Maps/FirstPersonMap1/3/UN/ZCFMVK3053X2CGCDGMAPKR
 |- Actor Path: /Game/FirstPerson/Maps/FirstPersonMap1.FirstPersonMap1:PersistentLevel.wall_C_UAID_84A938E2AACA113602_1975301520
 |- Actor Package: /Game/__ExternalActors__/FirstPerson/Maps/FirstPersonMap1/5/B0/J8C5C0TL912ZLUL46ECW1U
 |- Actor Path: /Game/FirstPerson/Maps/FirstPersonMap1.FirstPersonMap1:PersistentLevel.wall_C_UAID_84A938E2AACA113602_1975303521
 |- Actor Package: /Game/__ExternalActors__/FirstPerson/Maps/FirstPersonMap1/5/XO/U4CN9LVVEHMV5Q1XPSB58A
 |- Actor Path: /Game/FirstPerson/Maps/FirstPersonMap1.FirstPersonMap1:PersistentLevel.wall_C_UAID_84A938E2AACA113602_1975304522
 |- Actor Package: /Game/__ExternalActors__/FirstPerson/Maps/FirstPersonMap1/3/0T/IB2QQHX1XYU6HYO3LUQ8EM
 |- Actor Path: /Game/FirstPerson/Maps/FirstPersonMap1.FirstPersonMap1:PersistentLevel.wall_C_UAID_84A938E2AACA113602_2093692523
 |- Actor Package: /Game/__ExternalActors__/FirstPerson/Maps/FirstPersonMap1/0/HL/MO1H12OQ9WVL3D4XWBIUX9
 |- Actor Path: /Game/FirstPerson/Maps/FirstPersonMap1.FirstPersonMap1:PersistentLevel.wall_C_UAID_84A938E2AACA123602_1138768700
 |- Actor Package: /Game/__ExternalActors__/FirstPerson/Maps/FirstPersonMap1/8/45/DN0YZHHMWVWGTFEIOS61UD
 |- Actor Path: /Game/FirstPerson/Maps/FirstPersonMap1.FirstPersonMap1:PersistentLevel.wall_C_UAID_84A938E2AACA123602_1156338701
 |- Actor Package: /Game/__ExternalActors__/FirstPerson/Maps/FirstPersonMap1/C/7D/LRZV2Y9YD504JXPO55DBAI
 |- Actor Path: /Game/FirstPerson/Maps/FirstPersonMap1.FirstPersonMap1:PersistentLevel.wall_C_UAID_84A938E2AACA123602_1391854704
 |- Actor Package: /Game/__ExternalActors__/FirstPerson/Maps/FirstPersonMap1/0/ZS/FQAFKTPFS5TN7R3MWIGMRC
 |- Actor Path: /Game/FirstPerson/Maps/FirstPersonMap1.FirstPersonMap1:PersistentLevel.wall_C_UAID_84A938E2AACA123602_1391855705
 |- Actor Package: /Game/__ExternalActors__/FirstPerson/Maps/FirstPersonMap1/7/AW/CEFFARV6302PMNUF8DKH40
 |- Actor Path: /Game/FirstPerson/Maps/FirstPersonMap1.FirstPersonMap1:PersistentLevel.wall_C_UAID_84A938E2AACA123602_1391857706
 |- Actor Package: /Game/__ExternalActors__/FirstPerson/Maps/FirstPersonMap1/0/EI/22W783NPFQ7SW2SVO83L7W
 |- Actor Path: /Game/FirstPerson/Maps/FirstPersonMap1.FirstPersonMap1:PersistentLevel.wall_C_UAID_84A938E2AACA123602_1391858707
 |- Actor Package: /Game/__ExternalActors__/FirstPerson/Maps/FirstPersonMap1/4/F4/J1ARAFCPEGD59TMRB33GML
 |- Actor Path: /Game/FirstPerson/Maps/FirstPersonMap1.FirstPersonMap1:PersistentLevel.wall_C_UAID_84A938E2AACA503602_1872973600
 |- Actor Package: /Game/__ExternalActors__/FirstPerson/Maps/FirstPersonMap1/2/9J/JWPTYLC5X5OTLV00VPLQHY
 |- Actor Path: /Game/FirstPerson/Maps/FirstPersonMap1.FirstPersonMap1:PersistentLevel.WorldDataLayers
 |- Actor Package: /Game/__ExternalActors__/FirstPerson/Maps/FirstPersonMap1/0/KI/BTIVAP2RJEX4QSJSHGD6AA

----------------------------------------------------------------------------------------------------------------
FirstPersonMap1 - Runtime Hash Set
----------------------------------------------------------------------------------------------------------------

